<?xml version="1.0" encoding="UTF-8"?>
<!-- Generated by org.testng.reporters.JUnitReportReporter -->
<testsuite hostname="PNQ115C052CLGX" failures="0" tests="3" name="makemytripTest.makemytripTest.TestJdbc" time="0.424" errors="0" timestamp="25 Nov 2023 10:06:22 GMT" skipped="0">
  <testcase classname="makemytripTest.makemytripTest.TestJdbc" name="findDuplicateRecords" time="0.027"/>
  <testcase classname="makemytripTest.makemytripTest.TestJdbc" name="createTables" time="0.367"/>
  <testcase classname="makemytripTest.makemytripTest.TestJdbc" name="insertData" time="0.030"/>
</testsuite> <!-- makemytripTest.makemytripTest.TestJdbc -->
