<?xml version="1.0" encoding="UTF-8"?>
<!-- Generated by org.testng.reporters.JUnitReportReporter -->
<testsuite hostname="PNQ115C052CLGX" failures="0" tests="1" name="makemytripTest.makemytripTest.FlightsSearchTest" time="65.977" errors="0" timestamp="25 Nov 2023 10:17:54 GMT" skipped="0">
  <testcase classname="makemytripTest.makemytripTest.FlightsSearchTest" name="searchFlights" time="65.977"/>
</testsuite> <!-- makemytripTest.makemytripTest.FlightsSearchTest -->
