<?xml version="1.0" encoding="UTF-8"?>
<!-- Generated by org.testng.reporters.JUnitReportReporter -->
<testsuite hostname="PNQ115C052CLGX" failures="0" tests="1" name="makemytripTest.makemytripTest.HotelsearchTest" time="45.176" errors="0" timestamp="25 Nov 2023 07:59:13 GMT" skipped="0">
  <testcase classname="makemytripTest.makemytripTest.HotelsearchTest" name="hotelflow" time="45.176"/>
</testsuite> <!-- makemytripTest.makemytripTest.HotelsearchTest -->
